<?xml version="1.0" encoding="UTF-8"?>
<!-- Generated by org.testng.reporters.JUnitReportReporter -->
<testsuite hostname="WKS60066" name="testSequence" tests="2" failures="0" timestamp="7 Mar 2018 04:44:18 GMT" time="0.009" errors="0">
  <testcase name="testCase1" time="0.003" classname="testSequence"/>
  <testcase name="testCase2" time="0.006" classname="testSequence"/>
</testsuite> <!-- testSequence -->
