<?xml version="1.0" encoding="UTF-8"?>
<!-- Generated by org.testng.reporters.JUnitReportReporter -->
<testsuite hostname="WKS60066" name="testSequence" tests="2" failures="0" timestamp="6 Mar 2018 05:18:12 GMT" time="0.005" errors="0">
  <testcase name="testCase2" time="0.001" classname="testSequence"/>
  <testcase name="testCase1" time="0.004" classname="testSequence"/>
</testsuite> <!-- testSequence -->
