<?xml version="1.0" encoding="UTF-8"?>
<!-- Generated by org.testng.reporters.JUnitReportReporter -->
<testsuite hostname="WKS60066" name="test" tests="2" failures="0" timestamp="7 Mar 2018 04:47:41 GMT" time="14.642" errors="0">
  <testcase name="verifyUserIsOnHomePage" time="7.161" classname="test"/>
  <testcase name="verifyUserIsOnGooglePage" time="7.481" classname="test"/>
</testsuite> <!-- test -->
