<?xml version="1.0" encoding="UTF-8"?>
<!-- Generated by org.testng.reporters.JUnitReportReporter -->
<testsuite hostname="WKS60066" name="test" tests="2" failures="0" timestamp="6 Mar 2018 05:14:38 GMT" time="14.744" errors="0">
  <testcase name="verifyUserIsOnGooglePage" time="7.735" classname="test"/>
  <testcase name="verifyUserIsOnHomePage" time="7.009" classname="test"/>
</testsuite> <!-- test -->
