<?xml version="1.0" encoding="UTF-8"?>
<!-- Generated by org.testng.reporters.JUnitReportReporter -->
<testsuite hostname="WKS60066" name="test.test" tests="2" failures="0" timestamp="20 Mar 2018 14:53:39 GMT" time="15.609" errors="0">
  <testcase name="handleAlerts" time="2.276" classname="test.test"/>
  <testcase name="OpenUrl" time="13.333" classname="test.test"/>
</testsuite> <!-- test.test -->
