<?xml version="1.0" encoding="UTF-8"?>
<!-- Generated by org.testng.reporters.JUnitReportReporter -->
<testsuite hostname="WKS60066" name="test.testSequence" tests="2" failures="0" timestamp="7 Mar 2018 05:39:00 GMT" time="0.008" errors="0">
  <testcase name="testCase2" time="0.002" classname="test.testSequence"/>
  <testcase name="testCase1" time="0.006" classname="test.testSequence"/>
</testsuite> <!-- test.testSequence -->
