<?xml version="1.0" encoding="UTF-8"?>
<!-- Generated by org.testng.reporters.JUnitReportReporter -->
<testsuite hostname="WKS60066" name="test.ParallelExecutionTest" tests="3" failures="0" timestamp="7 Mar 2018 05:17:25 GMT" time="0.036" errors="0">
  <testcase name="testCaseThree" time="0.012" classname="test.ParallelExecutionTest"/>
  <testcase name="testCaseTwo" time="0.012" classname="test.ParallelExecutionTest"/>
  <testcase name="testCaseOne" time="0.012" classname="test.ParallelExecutionTest"/>
</testsuite> <!-- test.ParallelExecutionTest -->
